<?xml version="1.0" encoding="UTF-8"?>
<testng-results ignored="0" total="1" passed="1" failed="0" skipped="0">
  <reporter-output>
  </reporter-output>
  <suite started-at="2024-11-30T19:23:12 IST" name="Default suite" finished-at="2024-11-30T19:23:26 IST" duration-ms="13084">
    <groups>
      <group name="cucumber">
        <method signature="AbstractTestNGCucumberTests.runScenario(io.cucumber.testng.PickleWrapper,io.cucumber.testng.FeatureWrapper)[pri:0, instance:StepsDefinition.Runner@183ec003]" name="runScenario" class="io.cucumber.testng.AbstractTestNGCucumberTests"/>
      </group> <!-- cucumber -->
    </groups>
    <test started-at="2024-11-30T19:23:12 IST" name="Default test" finished-at="2024-11-30T19:23:26 IST" duration-ms="13084">
      <class name="StepsDefinition.Runner">
        <test-method is-config="true" signature="setUpClass(org.testng.ITestContext)[pri:0, instance:StepsDefinition.Runner@183ec003]" started-at="2024-11-30T19:23:13 IST" name="setUpClass" finished-at="2024-11-30T19:23:14 IST" duration-ms="1546" status="PASS">
          <params>
            <param index="0">
              <value>
                <![CDATA[org.testng.TestRunner@55e2fe3c]]>
              </value>
            </param>
          </params>
          <reporter-output>
          </reporter-output>
        </test-method> <!-- setUpClass -->
        <test-method signature="runScenario(io.cucumber.testng.PickleWrapper,io.cucumber.testng.FeatureWrapper)[pri:0, instance:StepsDefinition.Runner@183ec003]" started-at="2024-11-30T19:23:14 IST" name="runScenario" description="Runs Cucumber Scenarios" data-provider="scenarios" finished-at="2024-11-30T19:23:25 IST" duration-ms="11265" status="PASS">
          <params>
            <param index="0">
              <value>
                <![CDATA["To check login with valid credentials"]]>
              </value>
            </param>
            <param index="1">
              <value>
                <![CDATA["To test login functionality"]]>
              </value>
            </param>
          </params>
          <reporter-output>
          </reporter-output>
        </test-method> <!-- runScenario -->
        <test-method is-config="true" signature="tearDownClass()[pri:0, instance:StepsDefinition.Runner@183ec003]" started-at="2024-11-30T19:23:25 IST" name="tearDownClass" finished-at="2024-11-30T19:23:26 IST" duration-ms="168" status="PASS">
          <reporter-output>
          </reporter-output>
        </test-method> <!-- tearDownClass -->
      </class> <!-- StepsDefinition.Runner -->
    </test> <!-- Default test -->
  </suite> <!-- Default suite -->
</testng-results>
