<?xml version="1.0" encoding="UTF-8"?>
<testng-results ignored="0" total="3" passed="3" failed="0" skipped="0">
  <reporter-output>
  </reporter-output>
  <suite started-at="2024-11-30T20:11:51 IST" name="Default suite" finished-at="2024-11-30T20:12:36 IST" duration-ms="45431">
    <groups>
      <group name="cucumber">
        <method signature="AbstractTestNGCucumberTests.runScenario(io.cucumber.testng.PickleWrapper,io.cucumber.testng.FeatureWrapper)[pri:0, instance:StepsDefinition.Runner.Runner@183ec003]" name="runScenario" class="io.cucumber.testng.AbstractTestNGCucumberTests"/>
      </group> <!-- cucumber -->
    </groups>
    <test started-at="2024-11-30T20:11:51 IST" name="Default test" finished-at="2024-11-30T20:12:36 IST" duration-ms="45431">
      <class name="StepsDefinition.Runner.Runner">
        <test-method is-config="true" signature="setUpClass(org.testng.ITestContext)[pri:0, instance:StepsDefinition.Runner.Runner@183ec003]" started-at="2024-11-30T20:11:51 IST" name="setUpClass" finished-at="2024-11-30T20:11:52 IST" duration-ms="1291" status="PASS">
          <params>
            <param index="0">
              <value>
                <![CDATA[org.testng.TestRunner@5624657a]]>
              </value>
            </param>
          </params>
          <reporter-output>
          </reporter-output>
        </test-method> <!-- setUpClass -->
        <test-method signature="runScenario(io.cucumber.testng.PickleWrapper,io.cucumber.testng.FeatureWrapper)[pri:0, instance:StepsDefinition.Runner.Runner@183ec003]" started-at="2024-11-30T20:11:52 IST" name="runScenario" description="Runs Cucumber Scenarios" data-provider="scenarios" finished-at="2024-11-30T20:12:06 IST" duration-ms="14405" status="PASS">
          <params>
            <param index="0">
              <value>
                <![CDATA["To check login with valid credentials"]]>
              </value>
            </param>
            <param index="1">
              <value>
                <![CDATA["To test login functionality"]]>
              </value>
            </param>
          </params>
          <reporter-output>
          </reporter-output>
        </test-method> <!-- runScenario -->
        <test-method signature="runScenario(io.cucumber.testng.PickleWrapper,io.cucumber.testng.FeatureWrapper)[pri:0, instance:StepsDefinition.Runner.Runner@183ec003]" started-at="2024-11-30T20:12:06 IST" name="runScenario" description="Runs Cucumber Scenarios" data-provider="scenarios" finished-at="2024-11-30T20:12:19 IST" duration-ms="12720" status="PASS">
          <params>
            <param index="0">
              <value>
                <![CDATA["To check login with valid credentials"]]>
              </value>
            </param>
            <param index="1">
              <value>
                <![CDATA["To test login functionality"]]>
              </value>
            </param>
          </params>
          <reporter-output>
          </reporter-output>
        </test-method> <!-- runScenario -->
        <test-method signature="runScenario(io.cucumber.testng.PickleWrapper,io.cucumber.testng.FeatureWrapper)[pri:0, instance:StepsDefinition.Runner.Runner@183ec003]" started-at="2024-11-30T20:12:19 IST" name="runScenario" description="Runs Cucumber Scenarios" data-provider="scenarios" finished-at="2024-11-30T20:12:36 IST" duration-ms="16763" status="PASS">
          <params>
            <param index="0">
              <value>
                <![CDATA["To check login with valid credentials"]]>
              </value>
            </param>
            <param index="1">
              <value>
                <![CDATA["To test login functionality"]]>
              </value>
            </param>
          </params>
          <reporter-output>
          </reporter-output>
        </test-method> <!-- runScenario -->
        <test-method is-config="true" signature="tearDownClass()[pri:0, instance:StepsDefinition.Runner.Runner@183ec003]" started-at="2024-11-30T20:12:36 IST" name="tearDownClass" finished-at="2024-11-30T20:12:36 IST" duration-ms="129" status="PASS">
          <reporter-output>
          </reporter-output>
        </test-method> <!-- tearDownClass -->
      </class> <!-- StepsDefinition.Runner.Runner -->
    </test> <!-- Default test -->
  </suite> <!-- Default suite -->
</testng-results>
